{
  "stats": {
    "suites": 1,
    "tests": 2,
    "passes": 2,
    "pending": 0,
    "failures": 0,
    "start": "2021-01-02T16:33:29.705Z",
    "end": "2021-01-02T16:34:16.631Z",
    "duration": 46926,
    "testsRegistered": 2,
    "passPercent": 100,
    "pendingPercent": 0,
    "other": 0,
    "hasOther": false,
    "skipped": 0,
    "hasSkipped": false
  },
  "results": [
    {
      "uuid": "babb127d-7e19-46cc-acaa-c3942e15cafe",
      "title": "",
      "fullFile": "cypress/integration/olx.spec.js",
      "file": "cypress/integration/olx.spec.js",
      "beforeHooks": [],
      "afterHooks": [],
      "tests": [],
      "suites": [
        {
          "uuid": "514ae1d9-5793-4d7d-bff3-2956f227f42c",
          "title": "OLX",
          "fullFile": "",
          "file": "",
          "beforeHooks": [],
          "afterHooks": [],
          "tests": [
            {
              "title": "Verificar primeiro resultado da pesquisa",
              "fullTitle": "OLX Verificar primeiro resultado da pesquisa",
              "timedOut": null,
              "duration": 16277,
              "state": "passed",
              "speed": "slow",
              "pass": true,
              "fail": false,
              "pending": false,
              "context": null,
              "code": "cy.visit(URL_OLX);\ncy.xpath(ICONE_OLX).should('be.visible');\ncy.task('log', 'Site da OLX acessado');\ncy.xpath(CAMPO_PESQUISA).type('Chevrolet Tracker Premier', {\n  force: true\n});\ncy.xpath(BOTAO_PESQUISA).click({\n  force: true\n});\ncy.xpath(TITULO_RESULTADO).contains('Chevrolet Tracker Premier');\ncy.task('log', 'Pesquisa por Chevrolet Tracker Premier realizada com sucesso');\ncy.xpath(PRIMEIRO_RESULTADO).should('be.visible');\ncy.xpath(PRIMEIRO_RESULTADO).scrollIntoView();\ncy.task('log', 'Primeiro resultado da pesquisa visualizado');\ncy.wait(8000);\ncy.xpath(MODAL_OLX_PAY).then(function ($modal) {\n  if ($modal.length > 0) {\n    cy.xpath(BOTAO_FECHA_MODAL).click();\n    cy.task('log', 'Modal OLX Pay fechado');\n  } else {\n    cy.task('log', 'Não tem modal');\n  }\n  cy.task('log', 'Modal tratado com sucesso');\n});\ncy.xpath(PRIMEIRO_TITULO).then(function ($elem) {\n  cy.task('log', 'O título coletado do primeiro anúncio é: ' + $elem.text());\n});\ncy.xpath(PRIMEIRO_VALOR).then(function ($valor) {\n  cy.task('log', 'O preço coletado do primeiro anúncio é: ' + $valor.text());\n});",
              "err": {},
              "uuid": "f822467d-1ea9-423e-9660-e0e51c00bc30",
              "parentUUID": "514ae1d9-5793-4d7d-bff3-2956f227f42c",
              "isHook": false,
              "skipped": false
            },
            {
              "title": "Verificar resultado da pesquisa na segunda página",
              "fullTitle": "OLX Verificar resultado da pesquisa na segunda página",
              "timedOut": null,
              "duration": 28769,
              "state": "passed",
              "speed": "slow",
              "pass": true,
              "fail": false,
              "pending": false,
              "context": null,
              "code": "cy.visit(URL_OLX);\ncy.xpath(ICONE_OLX).should('be.visible');\ncy.task('log', 'Site da OLX acessado');\ncy.xpath(CAMPO_PESQUISA).type('Notebook i7', {\n  force: true\n});\ncy.xpath(BOTAO_PESQUISA).click({\n  force: true\n});\ncy.xpath(TITULO_RESULTADO).contains('Notebook i7');\ncy.task('log', 'Pesquisa por Notebook i7 realizada com sucesso');\ncy.xpath(LINK_PROXIMA_PAGINA).should('be.visible');\ncy.xpath(LINK_PROXIMA_PAGINA).scrollIntoView();\ncy.task('log', 'Verificada a existência de mais páginas com resultados da pesquisa');\ncy.wait(8000);\ncy.xpath(MODAL_OLX_PAY).then(function ($modal) {\n  if ($modal.length > 0) {\n    cy.xpath(BOTAO_FECHA_MODAL).click();\n    cy.task('log', 'Modal OLX Pay fechado');\n  } else {\n    cy.task('log', 'Não tem modal');\n  }\n  cy.task('log', 'Modal tratado com sucesso');\n});\ncy.xpath(BOTAO_SEGUNDA_PAGINA).click({\n  force: true\n});\ncy.xpath(LINK_PAGINA_ANTERIOR).should('be.visible');\ncy.xpath(RESULTADOS_SEGUNDA_PAGINA).should('be.visible');\ncy.xpath(RESULTADOS_SEGUNDA_PAGINA).scrollIntoView();\ncy.task('log', 'Usuário corretamente direcionado para a segunda página');\ncy.screenshot(PRINT_SEGUNDA_PAGINA);\ncy.task('log', \"Print tirado corretamente e disponibilizado no diretório 'mochawesome-report/snapshots/olx.feature/print'\");",
              "err": {},
              "uuid": "f5671288-bd20-4044-a956-2b6d23821278",
              "parentUUID": "514ae1d9-5793-4d7d-bff3-2956f227f42c",
              "isHook": false,
              "skipped": false
            }
          ],
          "suites": [],
          "passes": [
            "f822467d-1ea9-423e-9660-e0e51c00bc30",
            "f5671288-bd20-4044-a956-2b6d23821278"
          ],
          "failures": [],
          "pending": [],
          "skipped": [],
          "duration": 45046,
          "root": false,
          "rootEmpty": false,
          "_timeout": 2000
        }
      ],
      "passes": [],
      "failures": [],
      "pending": [],
      "skipped": [],
      "duration": 0,
      "root": true,
      "rootEmpty": true,
      "_timeout": 2000
    }
  ],
  "meta": {
    "mocha": {
      "version": "5.2.0"
    },
    "mochawesome": {
      "options": {
        "quiet": false,
        "reportFilename": "mochawesome",
        "saveHtml": true,
        "saveJson": true,
        "consoleReporter": "spec",
        "useInlineDiffs": false
      },
      "version": "4.1.0"
    },
    "marge": {
      "options": {
        "overwrite": true,
        "html": true,
        "json": true,
        "charts": true,
        "pretty": true
      },
      "version": "4.1.0"
    }
  }
}